<?xml version="1.0" encoding="UTF-8"?>
<testng-results ignored="0" total="1" passed="1" failed="0" skipped="0">
  <reporter-output>
  </reporter-output>
  <suite started-at="2023-09-19T22:49:17 CEST" name="Surefire suite" finished-at="2023-09-19T22:49:17 CEST" duration-ms="13">
    <groups>
    </groups>
    <test started-at="2023-09-19T22:49:17 CEST" name="Surefire test" finished-at="2023-09-19T22:49:17 CEST" duration-ms="13">
      <class name="com.java_rmi.AppTest">
        <test-method signature="testApp()[pri:0, instance:testApp(com.java_rmi.AppTest)]" started-at="2023-09-19T22:49:17 CEST" name="testApp" finished-at="2023-09-19T22:49:17 CEST" duration-ms="4" status="PASS">
          <reporter-output>
          </reporter-output>
        </test-method> <!-- testApp -->
      </class> <!-- com.java_rmi.AppTest -->
    </test> <!-- Surefire test -->
  </suite> <!-- Surefire suite -->
</testng-results>
